<?xml version="1.0" encoding="UTF-8"?>
<coverage generated="1586762540278" clover="3.2.0">
  <project timestamp="1586762540278" name="All files">
    <metrics statements="125" coveredstatements="125" conditionals="64" coveredconditionals="62" methods="26" coveredmethods="26" elements="215" coveredelements="213" complexity="0" loc="125" ncloc="125" packages="1" files="5" classes="5"/>
    <file name="cache.ts" path="/FE/project/miserver/miserver-data/src/cache.ts">
      <metrics statements="8" coveredstatements="8" conditionals="6" coveredconditionals="6" methods="2" coveredmethods="2"/>
      <line num="1" count="4" type="stmt"/>
      <line num="3" count="4" type="stmt"/>
      <line num="4" count="5" type="cond" truecount="2" falsecount="0"/>
      <line num="5" count="4" type="stmt"/>
      <line num="7" count="5" type="stmt"/>
      <line num="10" count="4" type="stmt"/>
      <line num="11" count="7" type="stmt"/>
      <line num="12" count="7" type="cond" truecount="4" falsecount="0"/>
    </file>
    <file name="event.ts" path="/FE/project/miserver/miserver-data/src/event.ts">
      <metrics statements="42" coveredstatements="42" conditionals="23" coveredconditionals="22" methods="8" coveredmethods="8"/>
      <line num="1" count="2" type="stmt"/>
      <line num="2" count="2" type="stmt"/>
      <line num="4" count="2" type="stmt"/>
      <line num="16" count="2" type="stmt"/>
      <line num="20" count="2" type="stmt"/>
      <line num="23" count="21" type="stmt"/>
      <line num="24" count="7" type="stmt"/>
      <line num="26" count="7" type="cond" truecount="5" falsecount="0"/>
      <line num="27" count="2" type="stmt"/>
      <line num="28" count="2" type="stmt"/>
      <line num="31" count="5" type="stmt"/>
      <line num="32" count="8" type="stmt"/>
      <line num="36" count="2" type="stmt"/>
      <line num="37" count="6" type="cond" truecount="2" falsecount="0"/>
      <line num="38" count="1" type="stmt"/>
      <line num="39" count="1" type="stmt"/>
      <line num="42" count="5" type="cond" truecount="4" falsecount="0"/>
      <line num="43" count="2" type="stmt"/>
      <line num="44" count="2" type="stmt"/>
      <line num="47" count="3" type="cond" truecount="2" falsecount="0"/>
      <line num="48" count="2" type="stmt"/>
      <line num="51" count="3" type="stmt"/>
      <line num="54" count="2" type="stmt"/>
      <line num="55" count="6" type="cond" truecount="2" falsecount="0"/>
      <line num="56" count="1" type="stmt"/>
      <line num="57" count="1" type="stmt"/>
      <line num="60" count="5" type="cond" truecount="2" falsecount="0"/>
      <line num="61" count="1" type="stmt"/>
      <line num="62" count="1" type="stmt"/>
      <line num="65" count="4" type="cond" truecount="2" falsecount="0"/>
      <line num="66" count="1" type="stmt"/>
      <line num="67" count="1" type="stmt"/>
      <line num="70" count="4" type="stmt"/>
      <line num="73" count="2" type="stmt"/>
      <line num="74" count="7" type="stmt"/>
      <line num="75" count="7" type="cond" truecount="2" falsecount="0"/>
      <line num="77" count="2" type="stmt"/>
      <line num="79" count="2" type="stmt"/>
      <line num="81" count="2" type="cond" truecount="1" falsecount="1"/>
      <line num="82" count="2" type="stmt"/>
      <line num="83" count="2" type="stmt"/>
      <line num="86" count="2" type="stmt"/>
    </file>
    <file name="index.ts" path="/FE/project/miserver/miserver-data/src/index.ts">
      <metrics statements="2" coveredstatements="2" conditionals="0" coveredconditionals="0" methods="0" coveredmethods="0"/>
      <line num="1" count="1" type="stmt"/>
      <line num="2" count="1" type="stmt"/>
    </file>
    <file name="store.ts" path="/FE/project/miserver/miserver-data/src/store.ts">
      <metrics statements="66" coveredstatements="66" conditionals="33" coveredconditionals="32" methods="13" coveredmethods="13"/>
      <line num="1" count="2" type="stmt"/>
      <line num="2" count="2" type="stmt"/>
      <line num="4" count="2" type="stmt"/>
      <line num="19" count="2" type="stmt"/>
      <line num="25" count="2" type="stmt"/>
      <line num="26" count="2" type="stmt"/>
      <line num="29" count="2" type="stmt"/>
      <line num="30" count="7" type="stmt"/>
      <line num="33" count="2" type="stmt"/>
      <line num="34" count="10" type="stmt"/>
      <line num="35" count="10" type="stmt"/>
      <line num="38" count="2" type="stmt"/>
      <line num="39" count="10" type="stmt"/>
      <line num="41" count="10" type="cond" truecount="5" falsecount="0"/>
      <line num="42" count="8" type="stmt"/>
      <line num="45" count="2" type="stmt"/>
      <line num="46" count="2" type="stmt"/>
      <line num="47" count="2" type="stmt"/>
      <line num="51" count="2" type="stmt"/>
      <line num="52" count="4" type="cond" truecount="2" falsecount="0"/>
      <line num="53" count="1" type="stmt"/>
      <line num="56" count="3" type="cond" truecount="2" falsecount="0"/>
      <line num="57" count="1" type="stmt"/>
      <line num="58" count="1" type="stmt"/>
      <line num="61" count="2" type="stmt"/>
      <line num="64" count="6" type="stmt"/>
      <line num="65" count="6" type="cond" truecount="2" falsecount="0"/>
      <line num="66" count="2" type="cond" truecount="2" falsecount="0"/>
      <line num="67" count="1" type="stmt"/>
      <line num="68" count="1" type="stmt"/>
      <line num="71" count="1" type="stmt"/>
      <line num="72" count="5" type="stmt"/>
      <line num="73" count="5" type="stmt"/>
      <line num="77" count="5" type="stmt"/>
      <line num="80" count="2" type="stmt"/>
      <line num="81" count="8" type="cond" truecount="2" falsecount="0"/>
      <line num="82" count="1" type="stmt"/>
      <line num="83" count="1" type="stmt"/>
      <line num="86" count="7" type="cond" truecount="4" falsecount="0"/>
      <line num="87" count="2" type="stmt"/>
      <line num="88" count="2" type="stmt"/>
      <line num="91" count="5" type="cond" truecount="2" falsecount="0"/>
      <line num="92" count="3" type="stmt"/>
      <line num="95" count="5" type="stmt"/>
      <line num="97" count="5" type="cond" truecount="2" falsecount="0"/>
      <line num="98" count="3" type="stmt"/>
      <line num="102" count="2" type="stmt"/>
      <line num="103" count="5" type="cond" truecount="2" falsecount="0"/>
      <line num="104" count="1" type="stmt"/>
      <line num="105" count="1" type="stmt"/>
      <line num="108" count="4" type="cond" truecount="2" falsecount="0"/>
      <line num="109" count="1" type="stmt"/>
      <line num="110" count="1" type="stmt"/>
      <line num="113" count="3" type="cond" truecount="2" falsecount="0"/>
      <line num="114" count="1" type="stmt"/>
      <line num="115" count="1" type="stmt"/>
      <line num="118" count="2" type="stmt"/>
      <line num="121" count="2" type="stmt"/>
      <line num="122" count="4" type="stmt"/>
      <line num="123" count="4" type="cond" truecount="2" falsecount="0"/>
      <line num="125" count="2" type="stmt"/>
      <line num="128" count="2" type="stmt"/>
      <line num="130" count="2" type="cond" truecount="1" falsecount="1"/>
      <line num="131" count="2" type="stmt"/>
      <line num="132" count="2" type="stmt"/>
      <line num="135" count="2" type="stmt"/>
    </file>
    <file name="util.ts" path="/FE/project/miserver/miserver-data/src/util.ts">
      <metrics statements="7" coveredstatements="7" conditionals="2" coveredconditionals="2" methods="3" coveredmethods="3"/>
      <line num="1" count="3" type="stmt"/>
      <line num="3" count="3" type="stmt"/>
      <line num="4" count="2" type="stmt"/>
      <line num="7" count="3" type="stmt"/>
      <line num="8" count="45" type="stmt"/>
      <line num="11" count="3" type="stmt"/>
      <line num="12" count="14" type="cond" truecount="2" falsecount="0"/>
    </file>
  </project>
</coverage>
