{"/FE/project/miserver/miserver-data/src/cache.ts": {"path":"/FE/project/miserver/miserver-data/src/cache.ts","statementMap":{"0":{"start":{"line":1,"column":18},"end":{"line":1,"column":34}},"1":{"start":{"line":3,"column":13},"end":{"line":8,"column":null}},"2":{"start":{"line":4,"column":4},"end":{"line":6,"column":null}},"3":{"start":{"line":5,"column":9},"end":{"line":5,"column":null}},"4":{"start":{"line":7,"column":5},"end":{"line":7,"column":null}},"5":{"start":{"line":10,"column":13},"end":{"line":13,"column":null}},"6":{"start":{"line":11,"column":24},"end":{"line":11,"column":49}},"7":{"start":{"line":12,"column":4},"end":{"line":12,"column":null}}},"fnMap":{"0":{"name":"(anonymous_0)","decl":{"start":{"line":3,"column":24},"end":{"line":3,"column":25}},"loc":{"start":{"line":3,"column":48},"end":{"line":8,"column":1}}},"1":{"name":"(anonymous_1)","decl":{"start":{"line":10,"column":24},"end":{"line":10,"column":25}},"loc":{"start":{"line":10,"column":36},"end":{"line":13,"column":1}}}},"branchMap":{"0":{"loc":{"start":{"line":4,"column":4},"end":{"line":6,"column":null}},"type":"if","locations":[{"start":{"line":4,"column":4},"end":{"line":6,"column":null}},{"start":{"line":4,"column":4},"end":{"line":6,"column":null}}]},"1":{"loc":{"start":{"line":12,"column":33},"end":{"line":12,"column":43}},"type":"cond-expr","locations":[{"start":{"line":12,"column":33},"end":{"line":12,"column":43}},{"start":{"line":12,"column":45},"end":{"line":12,"column":49}}]},"2":{"loc":{"start":{"line":12,"column":11},"end":{"line":12,"column":16}},"type":"binary-expr","locations":[{"start":{"line":12,"column":11},"end":{"line":12,"column":16}},{"start":{"line":12,"column":20},"end":{"line":12,"column":30}}]}},"s":{"0":4,"1":4,"2":5,"3":4,"4":5,"5":4,"6":7,"7":7},"f":{"0":5,"1":7},"b":{"0":[4,1],"1":[1,6],"2":[7,3]}}
,"/FE/project/miserver/miserver-data/src/event.ts": {"path":"/FE/project/miserver/miserver-data/src/event.ts","statementMap":{"0":{"start":{"line":1,"column":0},"end":{"line":1,"column":38}},"1":{"start":{"line":2,"column":0},"end":{"line":2,"column":44}},"2":{"start":{"line":4,"column":23},"end":{"line":4,"column":30}},"3":{"start":{"line":16,"column":0},"end":{"line":16,"column":null}},"4":{"start":{"line":20,"column":8},"end":{"line":20,"column":null}},"5":{"start":{"line":23,"column":4},"end":{"line":34,"column":null}},"6":{"start":{"line":23,"column":22},"end":{"line":23,"column":29}},"7":{"start":{"line":24,"column":27},"end":{"line":24,"column":49}},"8":{"start":{"line":26,"column":8},"end":{"line":29,"column":null}},"9":{"start":{"line":27,"column":12},"end":{"line":27,"column":65}},"10":{"start":{"line":28,"column":12},"end":{"line":28,"column":18}},"11":{"start":{"line":31,"column":8},"end":{"line":33,"column":null}},"12":{"start":{"line":32,"column":12},"end":{"line":32,"column":23}},"13":{"start":{"line":36,"column":4},"end":{"line":52,"column":null}},"14":{"start":{"line":37,"column":8},"end":{"line":40,"column":null}},"15":{"start":{"line":38,"column":12},"end":{"line":38,"column":51}},"16":{"start":{"line":39,"column":12},"end":{"line":39,"column":19}},"17":{"start":{"line":42,"column":8},"end":{"line":45,"column":null}},"18":{"start":{"line":43,"column":12},"end":{"line":43,"column":71}},"19":{"start":{"line":44,"column":12},"end":{"line":44,"column":19}},"20":{"start":{"line":47,"column":8},"end":{"line":49,"column":null}},"21":{"start":{"line":48,"column":12},"end":{"line":48,"column":null}},"22":{"start":{"line":51,"column":8},"end":{"line":51,"column":null}},"23":{"start":{"line":54,"column":4},"end":{"line":71,"column":null}},"24":{"start":{"line":55,"column":8},"end":{"line":58,"column":null}},"25":{"start":{"line":56,"column":12},"end":{"line":56,"column":52}},"26":{"start":{"line":57,"column":12},"end":{"line":57,"column":19}},"27":{"start":{"line":60,"column":8},"end":{"line":63,"column":null}},"28":{"start":{"line":61,"column":12},"end":{"line":61,"column":54}},"29":{"start":{"line":62,"column":12},"end":{"line":62,"column":19}},"30":{"start":{"line":65,"column":8},"end":{"line":68,"column":null}},"31":{"start":{"line":66,"column":12},"end":{"line":66,"column":null}},"32":{"start":{"line":67,"column":12},"end":{"line":67,"column":19}},"33":{"start":{"line":70,"column":8},"end":{"line":70,"column":null}},"34":{"start":{"line":70,"column":69},"end":{"line":70,"column":85}},"35":{"start":{"line":73,"column":4},"end":{"line":76,"column":null}},"36":{"start":{"line":74,"column":27},"end":{"line":74,"column":49}},"37":{"start":{"line":75,"column":8},"end":{"line":75,"column":null}},"38":{"start":{"line":77,"column":0},"end":{"line":77,"column":null}},"39":{"start":{"line":79,"column":12},"end":{"line":79,"column":36}},"40":{"start":{"line":81,"column":0},"end":{"line":84,"column":null}},"41":{"start":{"line":82,"column":4},"end":{"line":82,"column":null}},"42":{"start":{"line":83,"column":4},"end":{"line":83,"column":null}},"43":{"start":{"line":86,"column":0},"end":{"line":86,"column":null}}},"fnMap":{"0":{"name":"(anonymous_0)","decl":{"start":{"line":16,"column":0},"end":{"line":16,"column":null}},"loc":{"start":{"line":16,"column":0},"end":{"line":77,"column":null}}},"1":{"name":"Event","decl":{"start":{"line":19,"column":4},"end":{"line":19,"column":null}},"loc":{"start":{"line":19,"column":4},"end":{"line":21,"column":5}}},"2":{"name":"(anonymous_2)","decl":{"start":{"line":23,"column":4},"end":{"line":23,"column":8}},"loc":{"start":{"line":23,"column":20},"end":{"line":34,"column":5}}},"3":{"name":"(anonymous_3)","decl":{"start":{"line":31,"column":27},"end":{"line":31,"column":29}},"loc":{"start":{"line":31,"column":29},"end":{"line":33,"column":9}}},"4":{"name":"(anonymous_4)","decl":{"start":{"line":36,"column":4},"end":{"line":36,"column":6}},"loc":{"start":{"line":36,"column":50},"end":{"line":52,"column":5}}},"5":{"name":"(anonymous_5)","decl":{"start":{"line":54,"column":4},"end":{"line":54,"column":7}},"loc":{"start":{"line":54,"column":52},"end":{"line":71,"column":5}}},"6":{"name":"(anonymous_6)","decl":{"start":{"line":70,"column":63},"end":{"line":70,"column":65}},"loc":{"start":{"line":70,"column":65},"end":{"line":70,"column":71}}},"7":{"name":"(anonymous_7)","decl":{"start":{"line":73,"column":4},"end":{"line":73,"column":7}},"loc":{"start":{"line":73,"column":19},"end":{"line":76,"column":5}}}},"branchMap":{"0":{"loc":{"start":{"line":26,"column":8},"end":{"line":29,"column":null}},"type":"if","locations":[{"start":{"line":26,"column":8},"end":{"line":29,"column":null}},{"start":{"line":26,"column":8},"end":{"line":29,"column":null}}]},"1":{"loc":{"start":{"line":26,"column":11},"end":{"line":26,"column":31}},"type":"binary-expr","locations":[{"start":{"line":26,"column":11},"end":{"line":26,"column":31}},{"start":{"line":26,"column":36},"end":{"line":26,"column":55}},{"start":{"line":26,"column":59},"end":{"line":26,"column":82}}]},"2":{"loc":{"start":{"line":37,"column":8},"end":{"line":40,"column":null}},"type":"if","locations":[{"start":{"line":37,"column":8},"end":{"line":40,"column":null}},{"start":{"line":37,"column":8},"end":{"line":40,"column":null}}]},"3":{"loc":{"start":{"line":42,"column":8},"end":{"line":45,"column":null}},"type":"if","locations":[{"start":{"line":42,"column":8},"end":{"line":45,"column":null}},{"start":{"line":42,"column":8},"end":{"line":45,"column":null}}]},"4":{"loc":{"start":{"line":42,"column":11},"end":{"line":42,"column":33}},"type":"binary-expr","locations":[{"start":{"line":42,"column":11},"end":{"line":42,"column":33}},{"start":{"line":42,"column":37},"end":{"line":42,"column":67}}]},"5":{"loc":{"start":{"line":47,"column":8},"end":{"line":49,"column":null}},"type":"if","locations":[{"start":{"line":47,"column":8},"end":{"line":49,"column":null}},{"start":{"line":47,"column":8},"end":{"line":49,"column":null}}]},"6":{"loc":{"start":{"line":55,"column":8},"end":{"line":58,"column":null}},"type":"if","locations":[{"start":{"line":55,"column":8},"end":{"line":58,"column":null}},{"start":{"line":55,"column":8},"end":{"line":58,"column":null}}]},"7":{"loc":{"start":{"line":60,"column":8},"end":{"line":63,"column":null}},"type":"if","locations":[{"start":{"line":60,"column":8},"end":{"line":63,"column":null}},{"start":{"line":60,"column":8},"end":{"line":63,"column":null}}]},"8":{"loc":{"start":{"line":65,"column":8},"end":{"line":68,"column":null}},"type":"if","locations":[{"start":{"line":65,"column":8},"end":{"line":68,"column":null}},{"start":{"line":65,"column":8},"end":{"line":68,"column":null}}]},"9":{"loc":{"start":{"line":75,"column":15},"end":{"line":75,"column":34}},"type":"binary-expr","locations":[{"start":{"line":75,"column":15},"end":{"line":75,"column":34}},{"start":{"line":75,"column":38},"end":{"line":75,"column":59}}]},"10":{"loc":{"start":{"line":81,"column":0},"end":{"line":84,"column":null}},"type":"if","locations":[{"start":{"line":81,"column":0},"end":{"line":84,"column":null}},{"start":{"line":81,"column":0},"end":{"line":84,"column":null}}]}},"s":{"0":2,"1":2,"2":2,"3":2,"4":2,"5":2,"6":21,"7":7,"8":7,"9":2,"10":2,"11":5,"12":8,"13":2,"14":6,"15":1,"16":1,"17":5,"18":2,"19":2,"20":3,"21":2,"22":3,"23":2,"24":6,"25":1,"26":1,"27":5,"28":1,"29":1,"30":4,"31":1,"32":1,"33":3,"34":4,"35":2,"36":7,"37":7,"38":2,"39":2,"40":2,"41":2,"42":2,"43":2},"f":{"0":2,"1":2,"2":7,"3":8,"4":6,"5":6,"6":4,"7":7},"b":{"0":[2,5],"1":[7,6,6],"2":[1,5],"3":[2,3],"4":[5,4],"5":[2,1],"6":[1,5],"7":[1,4],"8":[1,3],"9":[7,5],"10":[2,0]}}
,"/FE/project/miserver/miserver-data/src/index.ts": {"path":"/FE/project/miserver/miserver-data/src/index.ts","statementMap":{"0":{"start":{"line":1,"column":0},"end":{"line":1,"column":9}},"1":{"start":{"line":1,"column":9},"end":{"line":1,"column":25}},"2":{"start":{"line":2,"column":0},"end":{"line":2,"column":9}},"3":{"start":{"line":2,"column":9},"end":{"line":2,"column":25}}},"fnMap":{},"branchMap":{},"s":{"0":1,"1":1,"2":1,"3":1},"f":{},"b":{}}
,"/FE/project/miserver/miserver-data/src/store.ts": {"path":"/FE/project/miserver/miserver-data/src/store.ts","statementMap":{"0":{"start":{"line":1,"column":0},"end":{"line":1,"column":48}},"1":{"start":{"line":2,"column":0},"end":{"line":2,"column":44}},"2":{"start":{"line":4,"column":23},"end":{"line":4,"column":30}},"3":{"start":{"line":19,"column":0},"end":{"line":19,"column":null}},"4":{"start":{"line":25,"column":8},"end":{"line":25,"column":null}},"5":{"start":{"line":26,"column":8},"end":{"line":26,"column":null}},"6":{"start":{"line":29,"column":4},"end":{"line":31,"column":null}},"7":{"start":{"line":30,"column":8},"end":{"line":30,"column":null}},"8":{"start":{"line":33,"column":4},"end":{"line":36,"column":null}},"9":{"start":{"line":34,"column":8},"end":{"line":34,"column":null}},"10":{"start":{"line":35,"column":8},"end":{"line":35,"column":null}},"11":{"start":{"line":38,"column":4},"end":{"line":49,"column":null}},"12":{"start":{"line":39,"column":27},"end":{"line":39,"column":49}},"13":{"start":{"line":41,"column":8},"end":{"line":43,"column":null}},"14":{"start":{"line":42,"column":12},"end":{"line":42,"column":18}},"15":{"start":{"line":45,"column":22},"end":{"line":45,"column":41}},"16":{"start":{"line":46,"column":8},"end":{"line":48,"column":null}},"17":{"start":{"line":47,"column":12},"end":{"line":47,"column":null}},"18":{"start":{"line":51,"column":4},"end":{"line":62,"column":null}},"19":{"start":{"line":52,"column":8},"end":{"line":54,"column":null}},"20":{"start":{"line":53,"column":12},"end":{"line":53,"column":null}},"21":{"start":{"line":56,"column":8},"end":{"line":59,"column":null}},"22":{"start":{"line":57,"column":12},"end":{"line":57,"column":52}},"23":{"start":{"line":58,"column":12},"end":{"line":58,"column":24}},"24":{"start":{"line":61,"column":8},"end":{"line":61,"column":null}},"25":{"start":{"line":64,"column":4},"end":{"line":78,"column":null}},"26":{"start":{"line":64,"column":4},"end":{"line":64,"column":7}},"27":{"start":{"line":65,"column":8},"end":{"line":75,"column":null}},"28":{"start":{"line":66,"column":12},"end":{"line":69,"column":null}},"29":{"start":{"line":67,"column":16},"end":{"line":67,"column":65}},"30":{"start":{"line":68,"column":16},"end":{"line":68,"column":22}},"31":{"start":{"line":71,"column":12},"end":{"line":74,"column":null}},"32":{"start":{"line":72,"column":26},"end":{"line":72,"column":32}},"33":{"start":{"line":73,"column":16},"end":{"line":73,"column":null}},"34":{"start":{"line":77,"column":8},"end":{"line":77,"column":null}},"35":{"start":{"line":80,"column":4},"end":{"line":100,"column":null}},"36":{"start":{"line":81,"column":8},"end":{"line":84,"column":null}},"37":{"start":{"line":82,"column":12},"end":{"line":82,"column":51}},"38":{"start":{"line":83,"column":12},"end":{"line":83,"column":19}},"39":{"start":{"line":86,"column":8},"end":{"line":89,"column":null}},"40":{"start":{"line":87,"column":12},"end":{"line":87,"column":71}},"41":{"start":{"line":88,"column":12},"end":{"line":88,"column":19}},"42":{"start":{"line":91,"column":8},"end":{"line":93,"column":null}},"43":{"start":{"line":92,"column":12},"end":{"line":92,"column":null}},"44":{"start":{"line":95,"column":8},"end":{"line":95,"column":null}},"45":{"start":{"line":97,"column":8},"end":{"line":99,"column":null}},"46":{"start":{"line":98,"column":12},"end":{"line":98,"column":null}},"47":{"start":{"line":102,"column":4},"end":{"line":119,"column":null}},"48":{"start":{"line":103,"column":8},"end":{"line":106,"column":null}},"49":{"start":{"line":104,"column":12},"end":{"line":104,"column":52}},"50":{"start":{"line":105,"column":12},"end":{"line":105,"column":19}},"51":{"start":{"line":108,"column":8},"end":{"line":111,"column":null}},"52":{"start":{"line":109,"column":12},"end":{"line":109,"column":54}},"53":{"start":{"line":110,"column":12},"end":{"line":110,"column":19}},"54":{"start":{"line":113,"column":8},"end":{"line":116,"column":null}},"55":{"start":{"line":114,"column":12},"end":{"line":114,"column":null}},"56":{"start":{"line":115,"column":12},"end":{"line":115,"column":19}},"57":{"start":{"line":118,"column":8},"end":{"line":118,"column":null}},"58":{"start":{"line":118,"column":69},"end":{"line":118,"column":85}},"59":{"start":{"line":121,"column":4},"end":{"line":124,"column":null}},"60":{"start":{"line":122,"column":27},"end":{"line":122,"column":49}},"61":{"start":{"line":123,"column":8},"end":{"line":123,"column":null}},"62":{"start":{"line":125,"column":0},"end":{"line":125,"column":null}},"63":{"start":{"line":128,"column":12},"end":{"line":128,"column":36}},"64":{"start":{"line":130,"column":0},"end":{"line":133,"column":null}},"65":{"start":{"line":131,"column":4},"end":{"line":131,"column":null}},"66":{"start":{"line":132,"column":4},"end":{"line":132,"column":null}},"67":{"start":{"line":135,"column":0},"end":{"line":135,"column":null}}},"fnMap":{"0":{"name":"(anonymous_0)","decl":{"start":{"line":19,"column":0},"end":{"line":19,"column":null}},"loc":{"start":{"line":19,"column":0},"end":{"line":125,"column":null}}},"1":{"name":"Store","decl":{"start":{"line":24,"column":4},"end":{"line":24,"column":null}},"loc":{"start":{"line":24,"column":4},"end":{"line":27,"column":5}}},"2":{"name":"(anonymous_2)","decl":{"start":{"line":29,"column":4},"end":{"line":29,"column":13}},"loc":{"start":{"line":29,"column":25},"end":{"line":31,"column":5}}},"3":{"name":"(anonymous_3)","decl":{"start":{"line":33,"column":4},"end":{"line":33,"column":13}},"loc":{"start":{"line":33,"column":37},"end":{"line":36,"column":5}}},"4":{"name":"(anonymous_4)","decl":{"start":{"line":38,"column":4},"end":{"line":38,"column":9}},"loc":{"start":{"line":38,"column":13},"end":{"line":49,"column":5}}},"5":{"name":"(anonymous_5)","decl":{"start":{"line":46,"column":27},"end":{"line":46,"column":29}},"loc":{"start":{"line":46,"column":29},"end":{"line":48,"column":9}}},"6":{"name":"(anonymous_6)","decl":{"start":{"line":51,"column":4},"end":{"line":51,"column":7}},"loc":{"start":{"line":51,"column":20},"end":{"line":62,"column":5}}},"7":{"name":"(anonymous_7)","decl":{"start":{"line":64,"column":4},"end":{"line":64,"column":7}},"loc":{"start":{"line":64,"column":28},"end":{"line":78,"column":5}}},"8":{"name":"(anonymous_8)","decl":{"start":{"line":71,"column":37},"end":{"line":71,"column":38}},"loc":{"start":{"line":71,"column":38},"end":{"line":74,"column":13}}},"9":{"name":"(anonymous_9)","decl":{"start":{"line":80,"column":4},"end":{"line":80,"column":6}},"loc":{"start":{"line":80,"column":67},"end":{"line":100,"column":5}}},"10":{"name":"(anonymous_10)","decl":{"start":{"line":102,"column":4},"end":{"line":102,"column":7}},"loc":{"start":{"line":102,"column":52},"end":{"line":119,"column":5}}},"11":{"name":"(anonymous_11)","decl":{"start":{"line":118,"column":63},"end":{"line":118,"column":65}},"loc":{"start":{"line":118,"column":65},"end":{"line":118,"column":71}}},"12":{"name":"(anonymous_12)","decl":{"start":{"line":121,"column":4},"end":{"line":121,"column":7}},"loc":{"start":{"line":121,"column":19},"end":{"line":124,"column":5}}}},"branchMap":{"0":{"loc":{"start":{"line":41,"column":8},"end":{"line":43,"column":null}},"type":"if","locations":[{"start":{"line":41,"column":8},"end":{"line":43,"column":null}},{"start":{"line":41,"column":8},"end":{"line":43,"column":null}}]},"1":{"loc":{"start":{"line":41,"column":11},"end":{"line":41,"column":31}},"type":"binary-expr","locations":[{"start":{"line":41,"column":11},"end":{"line":41,"column":31}},{"start":{"line":41,"column":36},"end":{"line":41,"column":55}},{"start":{"line":41,"column":59},"end":{"line":41,"column":83}}]},"2":{"loc":{"start":{"line":52,"column":8},"end":{"line":54,"column":null}},"type":"if","locations":[{"start":{"line":52,"column":8},"end":{"line":54,"column":null}},{"start":{"line":52,"column":8},"end":{"line":54,"column":null}}]},"3":{"loc":{"start":{"line":56,"column":8},"end":{"line":59,"column":null}},"type":"if","locations":[{"start":{"line":56,"column":8},"end":{"line":59,"column":null}},{"start":{"line":56,"column":8},"end":{"line":59,"column":null}}]},"4":{"loc":{"start":{"line":65,"column":8},"end":{"line":75,"column":null}},"type":"if","locations":[{"start":{"line":65,"column":8},"end":{"line":75,"column":null}},{"start":{"line":65,"column":8},"end":{"line":75,"column":null}}]},"5":{"loc":{"start":{"line":66,"column":12},"end":{"line":69,"column":null}},"type":"if","locations":[{"start":{"line":66,"column":12},"end":{"line":69,"column":null}},{"start":{"line":66,"column":12},"end":{"line":69,"column":null}}]},"6":{"loc":{"start":{"line":81,"column":8},"end":{"line":84,"column":null}},"type":"if","locations":[{"start":{"line":81,"column":8},"end":{"line":84,"column":null}},{"start":{"line":81,"column":8},"end":{"line":84,"column":null}}]},"7":{"loc":{"start":{"line":86,"column":8},"end":{"line":89,"column":null}},"type":"if","locations":[{"start":{"line":86,"column":8},"end":{"line":89,"column":null}},{"start":{"line":86,"column":8},"end":{"line":89,"column":null}}]},"8":{"loc":{"start":{"line":86,"column":11},"end":{"line":86,"column":33}},"type":"binary-expr","locations":[{"start":{"line":86,"column":11},"end":{"line":86,"column":33}},{"start":{"line":86,"column":37},"end":{"line":86,"column":67}}]},"9":{"loc":{"start":{"line":91,"column":8},"end":{"line":93,"column":null}},"type":"if","locations":[{"start":{"line":91,"column":8},"end":{"line":93,"column":null}},{"start":{"line":91,"column":8},"end":{"line":93,"column":null}}]},"10":{"loc":{"start":{"line":97,"column":8},"end":{"line":99,"column":null}},"type":"if","locations":[{"start":{"line":97,"column":8},"end":{"line":99,"column":null}},{"start":{"line":97,"column":8},"end":{"line":99,"column":null}}]},"11":{"loc":{"start":{"line":103,"column":8},"end":{"line":106,"column":null}},"type":"if","locations":[{"start":{"line":103,"column":8},"end":{"line":106,"column":null}},{"start":{"line":103,"column":8},"end":{"line":106,"column":null}}]},"12":{"loc":{"start":{"line":108,"column":8},"end":{"line":111,"column":null}},"type":"if","locations":[{"start":{"line":108,"column":8},"end":{"line":111,"column":null}},{"start":{"line":108,"column":8},"end":{"line":111,"column":null}}]},"13":{"loc":{"start":{"line":113,"column":8},"end":{"line":116,"column":null}},"type":"if","locations":[{"start":{"line":113,"column":8},"end":{"line":116,"column":null}},{"start":{"line":113,"column":8},"end":{"line":116,"column":null}}]},"14":{"loc":{"start":{"line":123,"column":15},"end":{"line":123,"column":34}},"type":"binary-expr","locations":[{"start":{"line":123,"column":15},"end":{"line":123,"column":34}},{"start":{"line":123,"column":38},"end":{"line":123,"column":59}}]},"15":{"loc":{"start":{"line":130,"column":0},"end":{"line":133,"column":null}},"type":"if","locations":[{"start":{"line":130,"column":0},"end":{"line":133,"column":null}},{"start":{"line":130,"column":0},"end":{"line":133,"column":null}}]}},"s":{"0":2,"1":2,"2":2,"3":2,"4":2,"5":2,"6":2,"7":7,"8":2,"9":10,"10":10,"11":2,"12":10,"13":10,"14":8,"15":2,"16":2,"17":2,"18":2,"19":4,"20":1,"21":3,"22":1,"23":1,"24":2,"25":2,"26":6,"27":6,"28":2,"29":1,"30":1,"31":1,"32":5,"33":5,"34":5,"35":2,"36":8,"37":1,"38":1,"39":7,"40":2,"41":2,"42":5,"43":3,"44":5,"45":5,"46":3,"47":2,"48":5,"49":1,"50":1,"51":4,"52":1,"53":1,"54":3,"55":1,"56":1,"57":2,"58":2,"59":2,"60":4,"61":4,"62":2,"63":2,"64":2,"65":2,"66":2,"67":2},"f":{"0":2,"1":2,"2":7,"3":10,"4":10,"5":2,"6":4,"7":6,"8":5,"9":8,"10":5,"11":2,"12":4},"b":{"0":[8,2],"1":[10,2,2],"2":[1,3],"3":[1,2],"4":[2,4],"5":[1,1],"6":[1,7],"7":[2,5],"8":[7,6],"9":[3,2],"10":[3,2],"11":[1,4],"12":[1,3],"13":[1,2],"14":[4,3],"15":[2,0]}}
,"/FE/project/miserver/miserver-data/src/util.ts": {"path":"/FE/project/miserver/miserver-data/src/util.ts","statementMap":{"0":{"start":{"line":1,"column":17},"end":{"line":1,"column":42}},"1":{"start":{"line":4,"column":4},"end":{"line":4,"column":null}},"2":{"start":{"line":3,"column":0},"end":{"line":3,"column":16}},"3":{"start":{"line":8,"column":4},"end":{"line":8,"column":null}},"4":{"start":{"line":7,"column":0},"end":{"line":7,"column":16}},"5":{"start":{"line":12,"column":4},"end":{"line":12,"column":null}},"6":{"start":{"line":11,"column":0},"end":{"line":11,"column":16}}},"fnMap":{"0":{"name":"isObject","decl":{"start":{"line":3,"column":16},"end":{"line":3,"column":24}},"loc":{"start":{"line":3,"column":31},"end":{"line":5,"column":1}}},"1":{"name":"isArray","decl":{"start":{"line":7,"column":16},"end":{"line":7,"column":23}},"loc":{"start":{"line":7,"column":30},"end":{"line":9,"column":1}}},"2":{"name":"warn","decl":{"start":{"line":11,"column":16},"end":{"line":11,"column":20}},"loc":{"start":{"line":11,"column":36},"end":{"line":13,"column":1}}}},"branchMap":{"0":{"loc":{"start":{"line":12,"column":11},"end":{"line":12,"column":18}},"type":"binary-expr","locations":[{"start":{"line":12,"column":11},"end":{"line":12,"column":18}},{"start":{"line":12,"column":22},"end":{"line":12,"column":43}}]}},"s":{"0":3,"1":2,"2":3,"3":45,"4":3,"5":14,"6":3},"f":{"0":2,"1":45,"2":14},"b":{"0":[14,14]}}
}
