TN:
SF:/FE/project/miserver/miserver-data/src/cache.ts
FN:3,(anonymous_0)
FN:10,(anonymous_1)
FNF:2
FNH:2
FNDA:5,(anonymous_0)
FNDA:7,(anonymous_1)
DA:1,4
DA:3,4
DA:4,5
DA:5,4
DA:7,5
DA:10,4
DA:11,7
DA:12,7
LF:8
LH:8
BRDA:4,0,0,4
BRDA:4,0,1,1
BRDA:12,1,0,1
BRDA:12,1,1,6
BRDA:12,2,0,7
BRDA:12,2,1,3
BRF:6
BRH:6
end_of_record
TN:
SF:/FE/project/miserver/miserver-data/src/event.ts
FN:16,(anonymous_0)
FN:19,Event
FN:23,(anonymous_2)
FN:31,(anonymous_3)
FN:36,(anonymous_4)
FN:54,(anonymous_5)
FN:70,(anonymous_6)
FN:73,(anonymous_7)
FNF:8
FNH:8
FNDA:2,(anonymous_0)
FNDA:2,Event
FNDA:7,(anonymous_2)
FNDA:8,(anonymous_3)
FNDA:6,(anonymous_4)
FNDA:6,(anonymous_5)
FNDA:4,(anonymous_6)
FNDA:7,(anonymous_7)
DA:1,2
DA:2,2
DA:4,2
DA:16,2
DA:20,2
DA:23,21
DA:24,7
DA:26,7
DA:27,2
DA:28,2
DA:31,5
DA:32,8
DA:36,2
DA:37,6
DA:38,1
DA:39,1
DA:42,5
DA:43,2
DA:44,2
DA:47,3
DA:48,2
DA:51,3
DA:54,2
DA:55,6
DA:56,1
DA:57,1
DA:60,5
DA:61,1
DA:62,1
DA:65,4
DA:66,1
DA:67,1
DA:70,4
DA:73,2
DA:74,7
DA:75,7
DA:77,2
DA:79,2
DA:81,2
DA:82,2
DA:83,2
DA:86,2
LF:42
LH:42
BRDA:26,0,0,2
BRDA:26,0,1,5
BRDA:26,1,0,7
BRDA:26,1,1,6
BRDA:26,1,2,6
BRDA:37,2,0,1
BRDA:37,2,1,5
BRDA:42,3,0,2
BRDA:42,3,1,3
BRDA:42,4,0,5
BRDA:42,4,1,4
BRDA:47,5,0,2
BRDA:47,5,1,1
BRDA:55,6,0,1
BRDA:55,6,1,5
BRDA:60,7,0,1
BRDA:60,7,1,4
BRDA:65,8,0,1
BRDA:65,8,1,3
BRDA:75,9,0,7
BRDA:75,9,1,5
BRDA:81,10,0,2
BRDA:81,10,1,0
BRF:23
BRH:22
end_of_record
TN:
SF:/FE/project/miserver/miserver-data/src/index.ts
FNF:0
FNH:0
DA:1,1
DA:2,1
LF:2
LH:2
BRF:0
BRH:0
end_of_record
TN:
SF:/FE/project/miserver/miserver-data/src/store.ts
FN:19,(anonymous_0)
FN:24,Store
FN:29,(anonymous_2)
FN:33,(anonymous_3)
FN:38,(anonymous_4)
FN:46,(anonymous_5)
FN:51,(anonymous_6)
FN:64,(anonymous_7)
FN:71,(anonymous_8)
FN:80,(anonymous_9)
FN:102,(anonymous_10)
FN:118,(anonymous_11)
FN:121,(anonymous_12)
FNF:13
FNH:13
FNDA:2,(anonymous_0)
FNDA:2,Store
FNDA:7,(anonymous_2)
FNDA:10,(anonymous_3)
FNDA:10,(anonymous_4)
FNDA:2,(anonymous_5)
FNDA:4,(anonymous_6)
FNDA:6,(anonymous_7)
FNDA:5,(anonymous_8)
FNDA:8,(anonymous_9)
FNDA:5,(anonymous_10)
FNDA:2,(anonymous_11)
FNDA:4,(anonymous_12)
DA:1,2
DA:2,2
DA:4,2
DA:19,2
DA:25,2
DA:26,2
DA:29,2
DA:30,7
DA:33,2
DA:34,10
DA:35,10
DA:38,2
DA:39,10
DA:41,10
DA:42,8
DA:45,2
DA:46,2
DA:47,2
DA:51,2
DA:52,4
DA:53,1
DA:56,3
DA:57,1
DA:58,1
DA:61,2
DA:64,6
DA:65,6
DA:66,2
DA:67,1
DA:68,1
DA:71,1
DA:72,5
DA:73,5
DA:77,5
DA:80,2
DA:81,8
DA:82,1
DA:83,1
DA:86,7
DA:87,2
DA:88,2
DA:91,5
DA:92,3
DA:95,5
DA:97,5
DA:98,3
DA:102,2
DA:103,5
DA:104,1
DA:105,1
DA:108,4
DA:109,1
DA:110,1
DA:113,3
DA:114,1
DA:115,1
DA:118,2
DA:121,2
DA:122,4
DA:123,4
DA:125,2
DA:128,2
DA:130,2
DA:131,2
DA:132,2
DA:135,2
LF:66
LH:66
BRDA:41,0,0,8
BRDA:41,0,1,2
BRDA:41,1,0,10
BRDA:41,1,1,2
BRDA:41,1,2,2
BRDA:52,2,0,1
BRDA:52,2,1,3
BRDA:56,3,0,1
BRDA:56,3,1,2
BRDA:65,4,0,2
BRDA:65,4,1,4
BRDA:66,5,0,1
BRDA:66,5,1,1
BRDA:81,6,0,1
BRDA:81,6,1,7
BRDA:86,7,0,2
BRDA:86,7,1,5
BRDA:86,8,0,7
BRDA:86,8,1,6
BRDA:91,9,0,3
BRDA:91,9,1,2
BRDA:97,10,0,3
BRDA:97,10,1,2
BRDA:103,11,0,1
BRDA:103,11,1,4
BRDA:108,12,0,1
BRDA:108,12,1,3
BRDA:113,13,0,1
BRDA:113,13,1,2
BRDA:123,14,0,4
BRDA:123,14,1,3
BRDA:130,15,0,2
BRDA:130,15,1,0
BRF:33
BRH:32
end_of_record
TN:
SF:/FE/project/miserver/miserver-data/src/util.ts
FN:3,isObject
FN:7,isArray
FN:11,warn
FNF:3
FNH:3
FNDA:2,isObject
FNDA:45,isArray
FNDA:14,warn
DA:1,3
DA:3,3
DA:4,2
DA:7,3
DA:8,45
DA:11,3
DA:12,14
LF:7
LH:7
BRDA:12,0,0,14
BRDA:12,0,1,14
BRF:2
BRH:2
end_of_record
